Arguments: 
  C:\Users\user\Downloads\Node.js\node.exe C:\Users\user\AppData\Roaming\npm\node_modules\yarn\bin\yarn.js init

PATH: 
  C:\Users\user\AppData\Roaming\npm;C:\Users\user\Downloads\Node.js\;";C:\Windows\system32;C:\Windows";C:\Users\user\Downloads\Visual Studio\Microsoft VS Code\resources\app\extensions\npm;C:\Program Files\Intel\iCLS Client\;C:\Windows\system32;C:\Windows;C:\Windows\System32\Wbem;"C:\Windows\System32\WindowsPowerShell\v1.0\;C:\Users\user\Downloads\python\";C:\Windows\System32\OpenSSH\;C:\Program Files (x86)\Intel\Intel(R) Management Engine Components\DAL;C:\Program Files\Intel\Intel(R) Management Engine Components\DAL;C:\Program Files (x86)\Intel\Intel(R) Management Engine Components\IPT;C:\Program Files\Intel\Intel(R) Management Engine Components\IPT;C:\Program Files (x86)\NVIDIA Corporation\PhysX\Common;C:\Program Files\Intel\WiFi\bin\;C:\Program Files\Common Files\Intel\WirelessCommon\;C:\ProgramData\chocolatey\bin;C:\Users\user\Downloads\Git Software\Git\cmd;;C:\Program Files\nodejs;C:\Users\user\Downloads\Node.js\;C:\Users\user\Downloads\python;C:\Users\user\Downloads\python\Scripts;C:\Users\user\Downloads\python\Lib;C:\Users\user\Downloads\python\DLLs;C:\windows\system32;C:\Users\user\AppData\Local\atom\bin;C:\Users\user\Downloads\Visual Studio\Microsoft VS Code\bin;C:\Program Files\Java\jdk-14.0.1\bin;

Yarn version: 
  1.22.4

Node version: 
  12.16.1

Platform: 
  win32 x64

Trace: 
  Error: canceled
      at Interface.<anonymous> (C:\Users\user\AppData\Roaming\npm\node_modules\yarn\lib\cli.js:137008:13)
      at Interface.emit (events.js:311:20)
      at Interface._ttyWrite (readline.js:893:16)
      at ReadStream.onkeypress (readline.js:198:10)
      at ReadStream.emit (events.js:311:20)
      at emitKeys (internal/readline/utils.js:438:14)
      at emitKeys.next (<anonymous>)
      at ReadStream.onData (readline.js:1160:36)
      at ReadStream.emit (events.js:311:20)
      at addChunk (_stream_readable.js:294:12)

npm manifest: 
  No manifest

yarn manifest: 
  No manifest

Lockfile: 
  No lockfile
